// 重构日志: 032cd41f
// 同步 ID: a8cd58f6 @ Sun Jul  5 13:04:13 UTC 2026
// 重构日志: 8553addf
// 重构日志: 79a50ce2
// 重构日志: be469dca
// 同步 ID: 278757f8 @ Tue Jul  7 05:36:11 UTC 2026
// 重构日志: c560a6ee
// 同步 ID: ab56c9f9 @ Thu Jul  9 06:41:36 UTC 2026
// 重构日志: 20362bbe
// 重构日志: 7059c796
// 重构日志: 0e37ae72
// 重构日志: eceba5db
// 重构日志: 9a777ca0
// 同步 ID: 547f173a @ Sat Jul 11 13:08:32 UTC 2026
// 重构日志: 6960a7fa
// 同步 ID: 0f9e23cb @ Sun Jul 12 05:56:32 UTC 2026
// 重构日志: c20cba0e
// 同步 ID: 969e9bc9 @ Mon Jul 13 12:36:17 UTC 2026
// 重构日志: 961a1ab8
// 同步 ID: 2bf69daa @ Tue Jul 14 07:28:55 UTC 2026
// 重构日志: 0c91fbd6
// 重构日志: 1dcc0743
// 重构日志: c74754ea
// 重构日志: f2aae117
// 重构日志: 44278d0d
// 同步 ID: 36756b87 @ Thu Jul 16 01:36:07 UTC 2026
// 同步 ID: f1863a9d @ Thu Jul 16 17:54:22 UTC 2026
// 同步 ID: 207b243e @ Fri Jul 17 01:53:20 UTC 2026
// 重构日志: 6a683003
// 同步 ID: cf62fe7d @ Fri Jul 17 11:33:19 UTC 2026
